0 info it worked if it ends with ok
1 verbose cli [ '/usr/bin/nodejs', '/usr/bin/npm', 'start' ]
2 info using npm@4.1.2
3 info using node@v7.7.2
4 verbose run-script [ 'prestart', 'start', 'poststart' ]
5 info lifecycle morse-code-decoder@1.0.0~prestart: morse-code-decoder@1.0.0
6 silly lifecycle morse-code-decoder@1.0.0~prestart: no script for prestart, continuing
7 info lifecycle morse-code-decoder@1.0.0~start: morse-code-decoder@1.0.0
8 verbose lifecycle morse-code-decoder@1.0.0~start: unsafe-perm in lifecycle true
9 verbose lifecycle morse-code-decoder@1.0.0~start: PATH: /usr/lib/node_modules/npm/bin/node-gyp-bin:/home/thanh/assignment-5-team26/Application/node_modules/.bin:/home/thanh/bin:/home/thanh/.local/bin:/usr/local/sbin:/usr/local/bin:/usr/sbin:/usr/bin:/sbin:/bin:/usr/games:/usr/local/games:/snap/bin
10 verbose lifecycle morse-code-decoder@1.0.0~start: CWD: /home/thanh/assignment-5-team26/Application
11 silly lifecycle morse-code-decoder@1.0.0~start: Args: [ '-c', 'nodemon app.js' ]
12 info lifecycle morse-code-decoder@1.0.0~start: Failed to exec start script
13 verbose stack Error: morse-code-decoder@1.0.0 start: `nodemon app.js`
13 verbose stack spawn ENOENT
13 verbose stack     at ChildProcess.<anonymous> (/usr/lib/node_modules/npm/lib/utils/spawn.js:33:16)
13 verbose stack     at emitTwo (events.js:106:13)
13 verbose stack     at ChildProcess.emit (events.js:194:7)
13 verbose stack     at maybeClose (internal/child_process.js:899:16)
13 verbose stack     at Process.ChildProcess._handle.onexit (internal/child_process.js:226:5)
14 verbose pkgid morse-code-decoder@1.0.0
15 verbose cwd /home/thanh/assignment-5-team26/Application
16 error Linux 4.8.0-52-generic
17 error argv "/usr/bin/nodejs" "/usr/bin/npm" "start"
18 error node v7.7.2
19 error npm  v4.1.2
20 error file sh
21 error code ELIFECYCLE
22 error errno ENOENT
23 error syscall spawn
24 error morse-code-decoder@1.0.0 start: `nodemon app.js`
24 error spawn ENOENT
25 error Failed at the morse-code-decoder@1.0.0 start script 'nodemon app.js'.
25 error Make sure you have the latest version of node.js and npm installed.
25 error If you do, this is most likely a problem with the morse-code-decoder package,
25 error not with npm itself.
25 error Tell the author that this fails on your system:
25 error     nodemon app.js
25 error You can get information on how to open an issue for this project with:
25 error     npm bugs morse-code-decoder
25 error Or if that isn't available, you can get their info via:
25 error     npm owner ls morse-code-decoder
25 error There is likely additional logging output above.
26 verbose exit [ 1, true ]
